<?xml version="1.0" encoding="UTF-8"?>
<!-- Generated by org.testng.reporters.JUnitReportReporter -->
<testsuite hostname="Antec" name="com.carru.testNGSample.TouringTest" tests="8" failures="0" timestamp="2 Feb 2016 22:00:31 GMT" time="6.649" errors="0">
  <testcase name="step4Car" time="0.830" classname="com.carru.testNGSample.TouringTest"/>
  <testcase name="step5Value" time="0.157" classname="com.carru.testNGSample.TouringTest"/>
  <testcase name="step3PostalCode" time="1.834" classname="com.carru.testNGSample.TouringTest"/>
  <testcase name="step1Age" time="0.815" classname="com.carru.testNGSample.TouringTest"/>
  <testcase name="step6Profile" time="0.738" classname="com.carru.testNGSample.TouringTest"/>
  <testcase name="step8Prices" time="0.731" classname="com.carru.testNGSample.TouringTest"/>
  <testcase name="step2Bonus" time="0.747" classname="com.carru.testNGSample.TouringTest"/>
  <testcase name="step7Email" time="0.797" classname="com.carru.testNGSample.TouringTest"/>
</testsuite> <!-- com.carru.testNGSample.TouringTest -->
