<?xml version="1.0" encoding="UTF-8"?>
<!-- Generated by org.testng.reporters.JUnitReportReporter -->
<testsuite hostname="Antec" name="com.carru.testNGSample.TouringTest" tests="8" failures="0" timestamp="4 Feb 2016 21:07:14 GMT" time="6.586" errors="0">
  <testcase name="step4Car" time="0.837" classname="com.carru.testNGSample.TouringTest"/>
  <testcase name="step5Value" time="1.701" classname="com.carru.testNGSample.TouringTest"/>
  <testcase name="step3PostalCode" time="0.765" classname="com.carru.testNGSample.TouringTest"/>
  <testcase name="step8Prices" time="0.712" classname="com.carru.testNGSample.TouringTest"/>
  <testcase name="step1Age" time="0.906" classname="com.carru.testNGSample.TouringTest"/>
  <testcase name="step6Profile" time="0.758" classname="com.carru.testNGSample.TouringTest"/>
  <testcase name="step2Bonus" time="0.111" classname="com.carru.testNGSample.TouringTest"/>
  <testcase name="step7Email" time="0.796" classname="com.carru.testNGSample.TouringTest"/>
</testsuite> <!-- com.carru.testNGSample.TouringTest -->
